# JRE version: OpenJDK Runtime Environment (21.0.6) (build 21.0.6+-13391695-b895.109)
# Java VM: OpenJDK 64-Bit Server VM (21.0.6+-13391695-b895.109, mixed mode, tiered, compressed oops, compressed class ptrs, g1 gc, windows-amd64)
GC Precious Log:
 CardTable entry size: 512
 Card Set container configuration: InlinePtr #cards 4 size 8 Array Of Cards #cards 32 size 80 Howl #buckets 8 coarsen threshold 7372 Howl Bitmap #cards 1024 size 144 coarsen threshold 921 Card regions per heap region 1 cards per card region 8192
 CPUs: 8 total, 8 available
 Memory: 15610M
 Large Page Support: Disabled
 NUMA Support: Disabled
 Compressed Oops: Enabled (Zero based)
 Heap Region Size: 4M
 Heap Min Capacity: 8M
 Heap Initial Capacity: 244M
 Heap Max Capacity: 8G
 Pre-touch: Disabled
 Parallel Workers: 8
 Concurrent Workers: 2
 Concurrent Refinement Workers: 8
 Periodic GC: Disabled
Heap:
 garbage-first heap   total 876544K, used 442911K [0x0000000600000000, 0x0000000800000000)
  region size 4096K, 6 young (24576K), 3 survivors (12288K)
 Metaspace       used 256665K, committed 259456K, reserved 1310720K
  class space    used 33467K, committed 34880K, reserved 1048576K
GC Heap History (20 events):
Event: 114.824 GC heap before
{Heap before GC invocations=65 (full 0):
 garbage-first heap   total 348160K, used 302748K [0x0000000600000000, 0x0000000800000000)
  region size 4096K, 36 young (147456K), 4 survivors (16384K)
 Metaspace       used 193465K, committed 196160K, reserved 1245184K
  class space    used 25297K, committed 26624K, reserved 1048576K
}
Event: 114.848 GC heap after
{Heap after GC invocations=66 (full 0):
 garbage-first heap   total 348160K, used 198007K [0x0000000600000000, 0x0000000800000000)
  region size 4096K, 5 young (20480K), 5 survivors (20480K)
 Metaspace       used 193465K, committed 196160K, reserved 1245184K
  class space    used 25297K, committed 26624K, reserved 1048576K
}
Event: 115.809 GC heap before
{Heap before GC invocations=67 (full 0):
 garbage-first heap   total 348160K, used 300407K [0x0000000600000000, 0x0000000800000000)
  region size 4096K, 31 young (126976K), 5 survivors (20480K)
 Metaspace       used 193552K, committed 196288K, reserved 1245184K
  class space    used 25311K, committed 26688K, reserved 1048576K
}
Event: 115.849 GC heap after
{Heap after GC invocations=68 (full 0):
 garbage-first heap   total 348160K, used 220786K [0x0000000600000000, 0x0000000800000000)
  region size 4096K, 4 young (16384K), 4 survivors (16384K)
 Metaspace       used 193552K, committed 196288K, reserved 1245184K
  class space    used 25311K, committed 26688K, reserved 1048576K
}
Event: 116.569 GC heap before
{Heap before GC invocations=68 (full 0):
 garbage-first heap   total 348160K, used 310898K [0x0000000600000000, 0x0000000800000000)
  region size 4096K, 26 young (106496K), 4 survivors (16384K)
 Metaspace       used 193586K, committed 196288K, reserved 1245184K
  class space    used 25318K, committed 26688K, reserved 1048576K
}
Event: 116.608 GC heap after
{Heap after GC invocations=69 (full 0):
 garbage-first heap   total 352256K, used 238748K [0x0000000600000000, 0x0000000800000000)
  region size 4096K, 4 young (16384K), 4 survivors (16384K)
 Metaspace       used 193586K, committed 196288K, reserved 1245184K
  class space    used 25318K, committed 26688K, reserved 1048576K
}
Event: 117.102 GC heap before
{Heap before GC invocations=69 (full 0):
 garbage-first heap   total 352256K, used 312476K [0x0000000600000000, 0x0000000800000000)
  region size 4096K, 22 young (90112K), 4 survivors (16384K)
 Metaspace       used 193622K, committed 196352K, reserved 1245184K
  class space    used 25318K, committed 26688K, reserved 1048576K
}
Event: 117.131 GC heap after
{Heap after GC invocations=70 (full 0):
 garbage-first heap   total 352256K, used 254540K [0x0000000600000000, 0x0000000800000000)
  region size 4096K, 3 young (12288K), 3 survivors (12288K)
 Metaspace       used 193622K, committed 196352K, reserved 1245184K
  class space    used 25318K, committed 26688K, reserved 1048576K
}
Event: 117.738 GC heap before
{Heap before GC invocations=71 (full 0):
 garbage-first heap   total 430080K, used 311884K [0x0000000600000000, 0x0000000800000000)
  region size 4096K, 17 young (69632K), 3 survivors (12288K)
 Metaspace       used 193614K, committed 196352K, reserved 1245184K
  class space    used 25314K, committed 26688K, reserved 1048576K
}
Event: 117.763 GC heap after
{Heap after GC invocations=72 (full 0):
 garbage-first heap   total 430080K, used 267582K [0x0000000600000000, 0x0000000800000000)
  region size 4096K, 3 young (12288K), 3 survivors (12288K)
 Metaspace       used 193614K, committed 196352K, reserved 1245184K
  class space    used 25314K, committed 26688K, reserved 1048576K
}
Event: 118.879 GC heap before
{Heap before GC invocations=72 (full 0):
 garbage-first heap   total 430080K, used 378174K [0x0000000600000000, 0x0000000800000000)
  region size 4096K, 30 young (122880K), 3 survivors (12288K)
 Metaspace       used 193758K, committed 196480K, reserved 1245184K
  class space    used 25333K, committed 26688K, reserved 1048576K
}
Event: 118.996 GC heap after
{Heap after GC invocations=73 (full 0):
 garbage-first heap   total 876544K, used 284475K [0x0000000600000000, 0x0000000800000000)
  region size 4096K, 4 young (16384K), 4 survivors (16384K)
 Metaspace       used 193758K, committed 196480K, reserved 1245184K
  class space    used 25333K, committed 26688K, reserved 1048576K
}
Event: 127.167 GC heap before
{Heap before GC invocations=73 (full 0):
 garbage-first heap   total 876544K, used 730939K [0x0000000600000000, 0x0000000800000000)
  region size 4096K, 109 young (446464K), 4 survivors (16384K)
 Metaspace       used 217747K, committed 220480K, reserved 1245184K
  class space    used 28183K, committed 29568K, reserved 1048576K
}
Event: 127.227 GC heap after
{Heap after GC invocations=74 (full 0):
 garbage-first heap   total 876544K, used 351732K [0x0000000600000000, 0x0000000800000000)
  region size 4096K, 14 young (57344K), 14 survivors (57344K)
 Metaspace       used 217747K, committed 220480K, reserved 1245184K
  class space    used 28183K, committed 29568K, reserved 1048576K
}
Event: 138.129 GC heap before
{Heap before GC invocations=74 (full 0):
 garbage-first heap   total 876544K, used 683508K [0x0000000600000000, 0x0000000800000000)
  region size 4096K, 95 young (389120K), 14 survivors (57344K)
 Metaspace       used 234558K, committed 237376K, reserved 1310720K
  class space    used 30082K, committed 31488K, reserved 1048576K
}
Event: 138.219 GC heap after
{Heap after GC invocations=75 (full 0):
 garbage-first heap   total 876544K, used 400995K [0x0000000600000000, 0x0000000800000000)
  region size 4096K, 12 young (49152K), 12 survivors (49152K)
 Metaspace       used 234558K, committed 237376K, reserved 1310720K
  class space    used 30082K, committed 31488K, reserved 1048576K
}
Event: 146.718 GC heap before
{Heap before GC invocations=75 (full 0):
 garbage-first heap   total 876544K, used 716387K [0x0000000600000000, 0x0000000800000000)
  region size 4096K, 90 young (368640K), 12 survivors (49152K)
 Metaspace       used 250150K, committed 252928K, reserved 1310720K
  class space    used 32287K, committed 33664K, reserved 1048576K
}
Event: 146.765 GC heap after
{Heap after GC invocations=76 (full 0):
 garbage-first heap   total 876544K, used 430712K [0x0000000600000000, 0x0000000800000000)
  region size 4096K, 8 young (32768K), 8 survivors (32768K)
 Metaspace       used 250150K, committed 252928K, reserved 1310720K
  class space    used 32287K, committed 33664K, reserved 1048576K
}
Event: 150.995 GC heap before
{Heap before GC invocations=77 (full 0):
 garbage-first heap   total 876544K, used 750200K [0x0000000600000000, 0x0000000800000000)
  region size 4096K, 86 young (352256K), 8 survivors (32768K)
 Metaspace       used 256199K, committed 258944K, reserved 1310720K
  class space    used 33398K, committed 34752K, reserved 1048576K
}
Event: 151.026 GC heap after
{Heap after GC invocations=78 (full 0):
 garbage-first heap   total 876544K, used 434719K [0x0000000600000000, 0x0000000800000000)
  region size 4096K, 3 young (12288K), 3 survivors (12288K)
 Metaspace       used 256199K, committed 258944K, reserved 1310720K
  class space    used 33398K, committed 34752K, reserved 1048576K
}

